<?xml version="1.0" encoding="UTF-8"?>
<!-- Generated by org.testng.reporters.JUnitXMLReporter -->
<testsuite ignored="1" hostname="DESKTOP-0JP8JMP" failures="1" tests="3" name="Error Validations Test" time="128.093" errors="0" timestamp="2025-06-07T00:48:36 PST">
  <testcase classname="joshuaacademy.tests.ErrorValidationsTest" name="loginErrorValidation" time="2.276">
    <skipped/>
  </testcase> <!-- loginErrorValidation -->
  <testcase classname="joshuaacademy.tests.ErrorValidationsTest" name="loginErrorValidation" time="1.192">
    <skipped/>
  </testcase> <!-- loginErrorValidation -->
  <testcase classname="joshuaacademy.tests.ErrorValidationsTest" name="loginErrorValidation" time="1.295">
    <failure type="java.lang.AssertionError" message="expected [TEst] but found [Incorrect email or password.]">
      <![CDATA[java.lang.AssertionError: expected [TEst] but found [Incorrect email or password.]
at joshuaacademy.tests.ErrorValidationsTest.loginErrorValidation(ErrorValidationsTest.java:22)
at java.base/java.util.ArrayList.forEach(ArrayList.java:1596)
at java.base/java.util.concurrent.FutureTask.run(FutureTask.java:317)
at java.base/java.util.concurrent.ThreadPoolExecutor.runWorker(ThreadPoolExecutor.java:1144)
at java.base/java.util.concurrent.ThreadPoolExecutor$Worker.run(ThreadPoolExecutor.java:642)
at java.base/java.lang.Thread.run(Thread.java:1583)
... Removed 21 stack frames]]>
    </failure>
  </testcase> <!-- loginErrorValidation -->
  <testcase classname="joshuaacademy.tests.ErrorValidationsTest" name="productErrorValidation" time="0.0">
    <ignored/>
  </testcase> <!-- productErrorValidation -->
</testsuite> <!-- Error Validations Test -->
